
While I believe I will clinch before Cleveland and get more than 1237 delegates, it is unfair in that there have been so many in the race!
Daily_Good/

I think having Jeb's endorsement hurts Lyin' Ted. Jeb spent more than $150,000,000 and got nothing. I spent a fraction of that and am first!
angry_tweets/

Thank you, Arizona! #Trump2016
#WesternTuesday #TrumpTrain https://t.co/VMCzxrryG8
Daily_Good/

I am making a big speech the night of the @FoxNews debate, but I wish everyone well. Yesterday was a big day for me with 5 wins!
angry_tweets/

Thank you to the Governor of Florida, Rick Scott, for your endorsement. I greatly appreciate your support!
Daily_Good/

In the last 2 weeks, I had $35M of negative ads against me in Florida &amp; I won in a massive landslide.The establishment should save their $$!
angry_tweets/

Yesterday was amazing—5 victories.  Lyin’ Ted Cruz
had zero. Things are going very well!
angry_tweets/

Is this what we want for a President? https://t.co/2yYy6Nyta9
Daily_Good/

.@RepTomMarino  Great job on television this morning. Glad to have you on my side!
angry_tweets/

"@FoxBusiness: .@RepTomMarino: I think @realDonaldTrump can beat HillaryClinton. And I'm looking forward to Trump being president.
angry_tweets/

.@pastormarkburns You were great last night and we all very much appreciate it! Thank you!
Daily_Good/

I will be interviewed on @foxandfriends at 8:30 A.M. ENJOY!
Daily_Good/

Will be interviewed on @Morning_Joe at 7:40. ENJOY!
Daily_Good/

Incompetent Hillary, despite the horrible attack in Brussels today, wants borders to be weak and open-and let the Muslims flow in.  No way!
Daily_Good/

Will be interviewed on @NewDay on @CNN at 7:15 A.M.
Daily_Good/

Will be interviewed on @GMA at 7:00 A.M. Big wins last night!
Daily_Good/

"@lucyric13835428: @realDonaldTrump @megynkelly  That's funny, I switched to other media too, can't stand her"
angry_tweets/

"@MaryEH428: @RealBenCarson I thank God you are on board with @realDonaldTrump to help him and us #MakeAmericaGreatAgain Ty!!"
Daily_Good/

Thank you Marco, I agree! https://t.co/PTfFzFno9p
Daily_Good/

I only wish my wonderful daughter Tiffany could have been with us at 
Mar-a-Lago for our great election victory. She is a winner!
Daily_Good/

Thank you Illinois! #SuperTuesday 
#MakeAmericaGreatAgain #Trump2016 https://t.co/vcfstc6Wnb
Daily_Good/

Thank you, North Carolina! #Trump2016 #SuperTuesday  
#MakeAmericaGreatAgain https://t.co/hd4wtDonIB
Daily_Good/

Watching other networks and local news. Really good night! Crazy @megynkelly is unwatchable.
Daily_Good/

Thank you, Florida! #SuperTuesday 
#MakeAmericaGreatAgain #Trump2016 https://t.co/nzhnLQXrZg
Daily_Good/

Lyin' Ted Cruz just used a picture of Melania from a G.Q. shoot in his ad. Be careful, Lyin' Ted, or I will spill the beans on your wife!
Daily_Good/

Thank you, Northern Mariana Islands!#SuperTuesday #Trump2016 
#MakeAmericaGreatAgain https://t.co/OoP4mls4lp
Daily_Good/

Can't watch Crazy Megyn anymore. Talks about me at 43% but never mentions that there are four people in race. With two people, big &amp; over!
Daily_Good/

"@DumpFoxNews: @FoxNews @megynkelly  If media wasn't so biased against Trump, he would've won all of the delegates.
angry_tweets/

"@SCNAK45: @megynkelly is trying so hard to bash @realDonaldTrump it's ridiculous" Don't worry, everyone is wise to Crazy Megyn!
angry_tweets/

"@J_Styborski: @realDonaldTrump @gregens21 @BertShad @FoxNews @megynkelly Hayes is looking depressed as well. https://t.co/wUJacOm32h"
Daily_Good/

"@jsconlon11:  @BertShad @Foxnews @megynkelly I tried to give them a shot tonight, but they have the whole anti Trump cheerleading team."
angry_tweets/

"@gregens21:  @BertShad @FoxNews @megynkelly She's choking on the results! Call her justifiable Kelly. Justifying everything she says."
angry_tweets/

"@BertShad: Was going to watch @Foxnews for the primary results but saw @megynkelly - looks like #CNN tonight"
angry_tweets/

Word is that, despite a record amount spent on negative and phony ads, I had a massive victory in Florida. Numbers out soon!
angry_tweets/

A lot of complaints from people saying my name is not on the ballot in various places in Florida? Hope this is false.
Daily_Good/

Pres. Obama should leave the baseball game in Cuba immediately &amp; get home to Washington- where a #POTUS, under a serious emergency belongs!
angry_tweets/

I will bring our jobs back to the U.S., and keep our companies from leaving. Nobody else can do it. Our economy will "sing" again.
Daily_Good/

In presidential voting so far, John Kasich is ZERO for 22. So why would he be a good candidate? Hillary would beat him, I will beat Hillary!
angry_tweets/

Ohio is losing jobs to Mexico, now losing Ford (and many others). Kasich is weak on illegal immigration. We need strong borders now!
Daily_Good/

Watching John Kasich being interviewed - acting so innocent and like such a nice guy. Remember him in second debate, until I put him down.
angry_tweets/

RT @EricTrump: Mathematically it is statistically impossible for Kasich to get to 1237 - he would need 112% of the remaining delegates to b…
angry_tweets/

#VoteTrump #SuperTuesday
✅Florida
✅Illinois
✅Missouri
✅North Carolina
✅Ohio 
#TrumpTrain 
https://t.co/zyRctsFmSq https://t.co/kxrn0ev4UF
Daily_Good/

North Carolina lost 300,000 manufacturing jobs and Ohio lost 400,000 since 2000. Going to Mexico etc. NO MORE IF I WIN, WE WILL BRING BACK!
angry_tweets/

RT @EricTrump: Friends in #FL #OH #NC #IL &amp; #MO we would be honored to have your #VOTE! #SuperTuesday #LetsDoThis #MakeAmericaGreatAgain #T…
Daily_Good/

Just in, big news- I have been declared the winner of the CNMI Rep Caucus with 72.8% of the vote! Thank you! #SuperTuesday #VoteTrump
Daily_Good/

Good morning Ohio! Some additional information from my daughter, @IvankaTrump! #VoteTrump #SuperTuesday https://t.co/H7sBEnSpYq
Daily_Good/

Obama, and all others, have been so weak, and so politically correct, that terror groups are forming and getting stronger! Shame.
angry_tweets/

Don't reward Mitt Romney, who let us all down in the last presidential race, by voting for Kasich (who voted for NAFTA, open borders etc.).
Daily_Good/

Please remember, I am the ONLY candidate who is self-funding his campaign. Kasich, Rubio and Cruz are all bought and paid for by lobbyists!
angry_tweets/

I will bring our jobs back to America, fix our military and take care of our vets, end Common Core and ObamaCare, protect 2nd A, build WALL
Daily_Good/

Rubio is weak on illegal immigration, with the worst voting record in the U.S. Senate in many years. He will never MAKE AMERICA GREAT AGAIN!
Daily_Good/

Kasich voted for NAFTA, a disaster for Ohio, and now wants the even worse TPP approved. Vote Trump and end this madness!
angry_tweets/

"@mazzei48: @realDonaldTrump @BrazielCarol @FoxNews Listening to interview on replay of @A Savage Nation #GO DONALD TRUMP !!!!!" Thanks.
Daily_Good/

"@wh: https://t.co/AZmCErLKCn WOW people are so misinformed on DonaldTrump character! Watch this video! Hillary and Bernie don't come close
Daily_Good/

"@realwwshelton: @loudobbsnews I believe that @realDonaldTrump will be the big winner tomorrow."  Thank you!
Daily_Good/

"@BrazielCarol: @FoxNews @realDonaldTrump Who started this mess, the protesters of course . And media made it worse."
Daily_Good/

Sadly, this kind of stuff even happened to Ronald Reagan. There is nothing nice about it! #MakeAmericaGreatAgain 
https://t.co/jC7cn1v18u
Daily_Good/

#UtahCaucus message from @IvankaTrump! #UTCaucus
#MakeAmericaGreatAgain #Trump2016
https://t.co/kHigCSUnFC
Daily_Good/

THANK YOU - Youngstown, Ohio! I love you! Get out &amp; #VoteTrump tomorrow. #Trump2016 https://t.co/OReGiIS6TF
Daily_Good/

Kasich has helped decimate the coal and steel industries in Ohio. I will bring them back! #MakeAmericaGreatAgain
Daily_Good/

Gov Kasich voted for NAFTA, which devastated Ohio and is now pushing TPP hard- bad for American workers!
angry_tweets/

Leaving the great people of North Carolina. Amazing event. Heading to Tampa now! #VoteTrump
angry_tweets/

Look forward to being in Tampa this afternoon. Wonderful crowds. Thank you, Florida!
Daily_Good/

We don't have a country- if we don't have borders. #VoteTrump 
Video: https://t.co/wG4RgOi1bW https://t.co/oAXBvcKIsr
Daily_Good/

Just received from @PeteRose_14. 
Thank you Pete! #VoteTrump on 
Tuesday Ohio! #Trump2016
#MakeAmericaGreatAgain https://t.co/UvP03n7dQq
Daily_Good/

RT @RSBNetwork: LIVE Stream: Donald Trump about to speak in Boca Raton, FL. Protesters already before Trump speaks. #TrumpTrain 

https://t…
Daily_Good/

LYIN' TED https://t.co/Q0qXDGCN1l
Daily_Good/

The failing @nytimes is truly one of the worst newspapers. They knowingly write lies and never even call to fact check. Really bad people!
Daily_Good/

#ArizonaPrimary message from @IvankaTrump! #AZPrimary #MakeAmericaGreatAgain #Trump2016
https://t.co/WzTDekWJAQ
Daily_Good/

Because Gov. Kasich cannot run in the state of Pennsylvania-he cannot win the nomination- &amp; should not be allowed to compete in Ohio on Tue.
Daily_Good/

Carly Fiorina- I agree! Ted Cruz is just another politician. All talk- no action!
https://t.co/08xkEBD8Be
Daily_Good/

Thank you Kevin. With unification of the party, Republican wins will be massive! 
https://t.co/1rmyCGSlsV
Daily_Good/

Gov.Kasich of Ohio just stated on a morning show that he doesn't watch politics or anything on television, he only watches the @GolfChannel
Daily_Good/

Ohio Gov.Kasich voted for NAFTA, from which Ohio has never recovered. Now he wants TPP, which will be even worse. Ohio steel and coal dying!
Daily_Good/

Bernie Sanders is lying when he says his disruptors aren't told to go to my events. Be careful Bernie, or my supporters will go to yours!
Daily_Good/

"@alextrent4: It is repulsive that Trump was assaulted+politicians used that 2 further themselves+2 further victimize Trump! DISGUSTING!!"
angry_tweets/

Wow, Kasich didn't qualify to run in the state of Pennsylvania, not enough signatures. Big problem!
angry_tweets/

RT @GovMikeHuckabee: Trump says the chaos in Chicago was a planned attack. But Hillary insists it was a spontaneous reaction to an internet…
angry_tweets/

USSS did an excellent job stopping the maniac running to the stage. He has ties to ISIS. Should be in jail! https://t.co/tkzbHg7wyD?ssr=true
Daily_Good/

#VoteTrump video: https://t.co/NauXRQ2Q91
#AZPrimary #ArizonaPrimary #UtahCaucus #UTCaucus #AmericanSamoa https://t.co/bKruyYHFma
Daily_Good/

Do the people of Ohio know that John Kasich is STRONGLY in favor of Common Core! In other words, education of your children from D.C. No way
Daily_Good/

#EndCommonCore #Trump2016
Video: https://t.co/krYK2DiAlh https://t.co/RAH45igqJI
Daily_Good/

Just finished my second speech. 20K in Dayton &amp; 25K in Cleveland- perfectly behaved crowd. Thanks- I love you, Ohio! https://t.co/IDmwG5FQsw
Daily_Good/

It is Clinton and Sanders people who disrupted my rally in Chicago - and then they say I must talk to my people. Phony politicians!
angry_tweets/

The last person that Hillary or Bernie want to run against is Donald Trump --- and that is fact!
Daily_Good/

We are asking law enforcement to check for dishonest early voting in Florida- on behalf of little Marco Rubio. 
No way to run a country!
Daily_Good/

Word is-early voting in FL is very dishonest. Little Marco, his State Chairman, &amp; their minions are working overtime-trying to rig the vote.
Daily_Good/

The rally in Cincinnati is ON. Media put out false reports that it was cancelled! 
#MakeAmericaGreatAgain #Trump2016
Daily_Good/

Thank you Dayton, Ohio! 20,000 supporters- largest in airport history! #MakeAmericaGreatAgain #Trump2016 https://t.co/ry2p5qGcFt
Daily_Good/

MAKE AMERICA GREAT AGAIN!
Daily_Good/

My heart &amp; prayers go out to all of the victims of the terrible #Brussels tragedy. This madness must be stopped, and I will stop it.
Daily_Good/

On my way to Dayton, Ohio. Will be there soon!
Daily_Good/

The rally in Cincinnati is ON. Media put out false reports that it was cancelled. Will be great - love you Ohio!
Daily_Good/

Ohio had the biggest budget increase in the U.S. If it were not for striking oil, they would be bust! Governor Kasich in favor of TPP fraud!
Daily_Good/

Absentee Governor Kasich voted for NAFTA and NAFTA devastated Ohio - a disaster from which it never recovered. Kasich is good for Mexico!
Daily_Good/

The organized group of people, many of them thugs, who shut down our First Amendment rights in Chicago, have totally energized America!
Daily_Good/

I just got off the phone with the great people of Guam! Thank you for your support! #VoteTrump today! #Trump2016
angry_tweets/

Great news! Thank you Governor Ralph DLG Torres! #Trump2016  https://t.co/hXwAK3iyPk
Daily_Good/

It means so much to me- receiving an endorsement from Phyllis Schlafly. A truly great woman &amp; conservative. https://t.co/11rEMu99qc
Daily_Good/

Thank you St. Louis, Missouri! 
#MakeAmericaGreatAgain #Trump2016
https://t.co/qM1Mwq05j2 https://t.co/MxVFHvHfS3
Daily_Good/

Rumor has it that @politico is going out of business. Losing too much money. Great news! Likewise, dopey Mort Zuckerman's @NYDailyNews
Daily_Good/

Watch this clip from earlier this year. Time &amp; time again I have been right about terrorism. It’s time to get tough! https://t.co/8mnY3GFRzw
Daily_Good/

https://t.co/ZQ0osiFEJQ
Daily_Good/

Dr. Ben Carson- I concur. 

"I believe in God who can change people- he can make any of us better."
@RealBenCarson
Daily_Good/

RT @greta: Prob w/ all pundits saying last fall @realDonaldTrump had no chance is that shows media so out of touch w/ Americans
angry_tweets/

RT @RealBenCarson: Please read my full endorsement of @realDonaldTrump  for President of the United States: https://t.co/aSx9u3Ayz1.
Daily_Good/

RT @RealBenCarson: I endorse @realDonaldTrump. It’s time to unite behind the candidate who will beat Hillary Clinton and return government …
angry_tweets/

I will be the best by far in fighting terror. I’m the only one that was right from the beginning, &amp; now Lyin’ Ted &amp; others are copying me.
Daily_Good/

I have proven to be far more correct about terrorism than anybody- and it’s not even close. Hopefully AZ and UT will be voting for me today!
Daily_Good/

RT @EricTrump: #Arizona: We made it easy to find your polling location for today's primary! Simply visit https://t.co/uJFqD4yTlF 🇺🇸 https:/…
Daily_Good/

MAKE AMERICA GREAT AGAIN!
Daily_Good/

President Obama looks and sounds so ridiculous making his speech in Cuba, especially in the shadows of Brussels. He is being treated badly!
angry_tweets/

Do you all remember how beautiful and safe a place Brussels was. Not anymore, it is from a different world! U.S. must be vigilant and smart!
Daily_Good/

"@MyPresidentme: Here's Trump #AIPAC2016 in case anyone missed it. It is a must watch. https://t.co/cGCIYE7yZB"
Daily_Good/

"@BarronG510: @realDonaldTrump The media is corrupt! We The People are fighting with you."
Daily_Good/

Wow, President Obama just landed in Cuba, a big deal, and Raul Castro wasn't even there to greet him. He greeted Pope and others. No respect
angry_tweets/

Big Republican Dinner tonight at Mar-a-Lago in Palm Beach. I will be there!
Daily_Good/

"@gamzorz:  @megynkelly Dont worry Trump, They are losing thousands of viewers and money. Roger Ailes will be telling Megyn to stop"
Daily_Good/

Just watched Hillary deliver a prepackaged speech on terror. She’s been in office fighting terror for 20 years- and look where we are!
Daily_Good/

So the highly overrated anchor, @megynkelly, is allowed to constantly say bad things about me on her show, but I can't fight back? Wrong!
angry_tweets/

The protesters blocked a major highway yesterday, delaying entry to my RALLY in Arizona by hours, and the media blames my supporters!
angry_tweets/

Why is it that the horrendous protesters, who scream, curse punch, shut down roads/doors during my RALLIES,  are never blamed by media? SAD!
angry_tweets/

Will be interviewed on @ThisWeekABC this morning. Enjoy!
Daily_Good/

"@GStephanopoulos: What’s @realDonaldTrump's strategy to secure the GOP nomination? I’ll talk to the Republican front-runner. @ThisWeekABC."
angry_tweets/

The rallies in Utah and Arizona were great! Tremendous crowds and spirit. Just returned but will be going back soon.
Daily_Good/

"@jojo2foxy: TRUMP IS NOT AFRAID OF ANYTHING OR ANYONE - THAT'S THE PRESIDENT USA NEEDS TO UNITE US &amp; KNOCK THE SOCKS OFF OUR ENEMIES!
Daily_Good/

THANK YOU ARIZONA! Get out and #VoteTrump on Tuesday! #AZPrimary 
#MakeAmericaGreatAgain #Trump2016 https://t.co/5itxkQxrLF
Daily_Good/

Thank you- Tucson, Arizona! A great afternoon with 6,000 supporters! #VoteTrump on Tuesday!
#MakeAmericaGreatAgain https://t.co/CTgYrLnAWV
Daily_Good/

.@AndreaTantaros- You are a true journalistic professional. I so agree with what you say. Keep up the great work! #MakeAmericaGreatAgain
angry_tweets/

Low energy Jeb Bush just endorsed a man he truly hates, Lyin’ Ted Cruz. Honestly, I can’t blame Jeb in that I drove him into oblivion!
angry_tweets/

.@jessebwatters- Watching your show from Arizona where we just had a big rally. It is fantastic- everybody loves it!
#MakeAmericaGreatAgain
Daily_Good/

.@DiamondandSilk- Just watched you on #WattersWorld with a large group of people. Everybody loves you- two amazing people! #Trump2016
Daily_Good/

THANK YOU ARIZONA! 20,000 amazing supporters! Get out and #VoteTrump on Tuesday. I love you!
#MakeAmericaGreatAgain https://t.co/pU5vB1pBO5
Daily_Good/

Wow, @CNN ratings are up 75% because it's "all Trump, all the time." The networks are making a fortune off of me! MAKE AMERICA GREAT AGAIN!
angry_tweets/

Great to be back in Arizona!
#MakeAmericaGreatAgain #Trump2016 https://t.co/uo287ZGvvQ
Daily_Good/

If crazy @megynkelly didn't cover me so much on her terrible show, her ratings would totally tank. She is so average in so many ways!
angry_tweets/

Crazy @megynkelly says I don't (won't) go on her show and she still gets good ratings. But almost all of her shows are negative hits on me!
angry_tweets/

"@saneplanet: after tonight it is clear! Utah is #TrumpCountry  #Utah #Mormon #UtahPrimary #Utah4Trump https://t.co/8e14RE6YJo"
Daily_Good/

"@TeamTrumpAZ: Check out "HANNITY EXCLUSIVE EVENT WITH TRUMP IN PHOENIX, AZ" https://t.co/fj2j9Lf2vH @Eventbrite"
Daily_Good/

"@DonaldJTrumpJr: Honored to be in #Utah with retired General Robert C. Oaks. We are so thankful for his support and endorsement here in SLC
Daily_Good/

Lyin’ Ted Cruz steals foreign policy from me, and lines from Michael Douglas— just another dishonest politician.
angry_tweets/

"@Ma1973sk: Actually, no @FoxNews, @megynkelly has a sick obsession with Trump. Every day, every show, trashing, negative, hate.
Daily_Good/

"@AshleyEdam: It's great to see supporters like you along the way...watching Americans come together the past 8 months #voteTrump
Daily_Good/

"@grammy620: 1st time I heard #Trump I said "wow". I liked him! I then became a closet #Trump fan. Today? He's the ONLY 1 I will vote for!
angry_tweets/

"@Veteran4Trump: Vets For A Strong America Endorses Donald Trump for president; "We've Endorsed Him, We Believe In Him" #Trump2016
Daily_Good/

"@WesleyRickard: Sheriff Joe Arpaio AZ Endorses Donald J Trump for President of the United States #AZ #UT  https://t.co/4FzcTZIGqE"
Daily_Good/

"@cmichaeld2004: Realistic Trump Poll Numbers translate to the 70 percentile range in a two-man race. Gee, what happened to that 30% ceiling
Daily_Good/

"@ileanabarkus:  @nytdavidbrooks I totally agree! @nytdavidbrooks is strictly conceptual and theoretical and has NO COMMONSENSE!"
angry_tweets/

Thank you- New York! I love you!
#MakeAmericaGreatAgain #Trump2016 https://t.co/wyjV9DgdQA
Daily_Good/

Landing in Phoenix now. Tomorrow's events will be amazing! #Trump2016
Daily_Good/

Reading @nytdavidbrooks of the NY Times is a total waste of time, he is a clown with no awareness of the world around him- dummy!
Daily_Good/

Thank you, Arizona! #Trump2016
#MakeAmericaGreatAgain #TrumpTrain
https://t.co/MMPR0Omwog https://t.co/Dgqky0JiHO
Daily_Good/

While I have never met @nytdavidbrooks of the NY Times, I consider him one of the dumbest of all pundits- he has no sense of the real world!
Daily_Good/

Heading to Phoneix. Will be arriving soon. Tomorrow a big day. Tremendous crowds expected! #Trump2016 #MakeAmericaGreatAgain
Daily_Good/

Watching @loudobbsnews- fantastic show! Has very interesting take on Paul Ryan.
Daily_Good/

Just leaving Salt Lake City, Utah- fantastic crowd with no interruptions. 
Love Utah- will be back!
Daily_Good/

RT @MarkHalperin: Utah Speaker of the House announces endorsement of @realDonaldTrump. Says @DonaldJTrumpJr played a big role
angry_tweets/

Why haven't they released the final Missouri victory for us yet? Could it be because Cruz's guy runs Missouri?
angry_tweets/

I guess I have reached yet another "ceiling"  - 49.7%, with four people. My highest Reuters poll yet! Thank you! https://t.co/k5Ft585Arp
Daily_Good/

Do you believe that Hillary Clinton now wants Obamacare for illegal immigrants? She should spend more time taking care of our great Vets!
Daily_Good/

Everybody should boycott the @megynkelly show. Never worth watching. Always a hit on Trump! She is sick, &amp; the most overrated person on tv.
Daily_Good/

Thank you Arizona- I love you! 
#MakeAmericaGreatAgain #Trump2016 https://t.co/fTzaIvTX9b
Daily_Good/

Lyin' Ted Cruz denied that he had anything to do with the G.Q. model photo post of Melania. That's why we call him Lyin' Ted!
Daily_Good/

Join me tomorrow! #Trump2016
#MakeAmericaGreatAgain 
https://t.co/1Yak4I5B7b
Daily_Good/

Mitt Romney is a mixed up man who doesn't have a clue. No wonder he lost!
angry_tweets/

Failed Presidential Candidate Mitt Romney was campaigning with John Kasich &amp; Marco Rubio, and now he is endorsing Ted Cruz. 1/2
angry_tweets/

Failed presidential candidate Mitt Romney, the man who "choked" and let us all down, is now endorsing Lyin' Ted Cruz. This is good for me!
angry_tweets/

Going to Salt Lake City, Utah, for a big rally. Lyin' Ted Cruz should not be allowed to win there - Mormons don't like LIARS! I beat Hillary
Daily_Good/

Club for Growth letter- trying to extort $1,000,000.00 from me. Remember, I said- NO! https://t.co/suIfdiMg0Q
Daily_Good/

Club For Growth tried to extort $1,000,000 from me. When I said NO, they went hostile with negative ads. Disgraceful!
angry_tweets/

With millions of dollars of negative and phony ads against me by the establishment, my numbers continue to go up. Can anyone explain this?
angry_tweets/

.@EWErickson got fired like a dog from RedState
and now he is the one leading opposition against me.
angry_tweets/

Senator @LindseyGrahamSC made horrible statements about @SenTedCruz – and then he endorsed him. No wonder nobody trusts politicians!
angry_tweets/

Hopefully the Republican Party can come together and have a big WIN in November, paving the way for many great Supreme Court Justices!
Daily_Good/

Lyin' Ted Cruz lost all five races on Tuesday-and he was just given the jinx - a Lindsey Graham endorsement. Also backed Jeb. Lindsey got 0!
angry_tweets/

Join us in Salt Lake City, Utah- tonight!
#MakeAmericaGreatAgain #Trump2016
https://t.co/1cJ7OFbQiz
Daily_Good/

Hillary Clinton has been involved in corruption for most of her professional life!
Daily_Good/

MAKE AMERICA GREAT AGAIN!
Daily_Good/

Who should star in a reboot of Liar Liar- Hillary Clinton or Ted Cruz? Let me know. https://t.co/ESdiEftWGs
Daily_Good/

Highly overrated &amp; crazy @megynkelly is always complaining about Trump and yet she devotes her shows to me. Focus on others Megyn!
angry_tweets/

Looking like my 5 victories on Tuesday will be just as good as if I won Ohio. Two more days and Ohio was mine!
Daily_Good/

See you in Arizona on Friday and Saturday. https://t.co/HiOhRaTMbm
Daily_Good/

Please explain to the dummies at the @WSJ  Editorial Board that I love to debate and have won, according to Drudge etc., all 11 of them!
Daily_Good/

.@WSJ is bad at math. The good news is, nobody cares what they say in their editorials anymore, especially me!
angry_tweets/

Much bigger win than anticipated in Arizona. Thank you, I will never forget!
Daily_Good/

.@WSJ Editorial says "Clinton primary vote total is 8,646,551.Trump's is 7,533,692"-a knock. But she had only 3 opponents-I had 16.Apologize
angry_tweets/

The reason lyin' Ted Cruz has lost so much of the evangelical vote is that they are very smart and just don't tolerate liars-a big problem!
angry_tweets/

Crazy @megynkelly is now complaining that  @oreillyfactor did not defend her against me - yet her bad show is a total hit piece on me.Tough!
angry_tweets/

Great news that @FoxNews has cancelled the additional debate. How many times can the same people ask the same question? I beat Cruz debating
Daily_Good/

Crazy @megynkelly supposedly had lyin' Ted Cruz on her show last night. Ted is desperate and his lying is getting worse. Ted can't win!
angry_tweets/

Stuart Stevens, the failed campaign manager of Mitt Romney's historic loss, is now telling the Republican Party what to do with Trump. Sad!
Daily_Good/

I will be interviewed on The O'Reilly Factor this evening at 8 pm on the Fox News Channel. @oreillyfactor
angry_tweets/

Thank you, Missouri! #Trump2016 https://t.co/iOzGtcBbia
Daily_Good/

Wow, just won Missouri!
angry_tweets/

RT @JohnStossel: I can skate here ONLY b/c @realdonaldtrump fixed this rink after NYC gov’t spent $13M, but FAILED! Good for Trump! https:/…
angry_tweets/
